<?xml version="1.0" encoding="UTF-8"?>
<!-- Generated by org.testng.reporters.JUnitReportReporter -->
<testsuite hostname="DESKTOP-6GIO5QQ" failures="0" tests="1" name="com.userTestDemo.SaveAddressTest" time="14.728" errors="0" timestamp="2023-01-25T14:16:48 IST" skipped="0">
  <testcase classname="com.userTestDemo.SaveAddressTest" name="saveAddress" time="14.728"/>
  <system-out/>
</testsuite> <!-- com.userTestDemo.SaveAddressTest -->
