<?xml version="1.0" encoding="UTF-8"?>
<!-- Generated by org.testng.reporters.JUnitReportReporter -->
<testsuite hostname="DESKTOP-6GIO5QQ" failures="0" tests="1" name="com.adminTestDemo.AddCategoryTest" time="15.892" errors="0" timestamp="2023-01-25T14:23:10 IST" skipped="0">
  <testcase classname="com.adminTestDemo.AddCategoryTest" name="addCategory" time="15.892"/>
  <system-out/>
</testsuite> <!-- com.adminTestDemo.AddCategoryTest -->
