<?xml version="1.0" encoding="UTF-8"?>
<!-- Generated by org.testng.reporters.JUnitReportReporter -->
<testsuite hostname="DESKTOP-6GIO5QQ" failures="0" tests="1" name="com.userTestModule.SaveAddressTest" time="12.609" errors="0" timestamp="2023-01-27T12:45:47 IST" skipped="0">
  <testcase classname="com.userTestModule.SaveAddressTest" name="saveAddress" time="12.609"/>
  <system-out/>
</testsuite> <!-- com.userTestModule.SaveAddressTest -->
