<?xml version="1.0" encoding="UTF-8"?>
<!-- Generated by org.testng.reporters.JUnitReportReporter -->
<testsuite hostname="DESKTOP-6GIO5QQ" failures="0" tests="1" name="com.userTestDemo.LoginTest" time="15.575" errors="0" timestamp="2023-01-24T11:21:21 IST" skipped="0">
  <testcase classname="com.userTestDemo.LoginTest" name="cart" time="15.575"/>
  <system-out/>
</testsuite> <!-- com.userTestDemo.LoginTest -->
