<?xml version="1.0" encoding="UTF-8"?>
<!-- Generated by org.testng.reporters.JUnitReportReporter -->
<testsuite hostname="DESKTOP-6GIO5QQ" failures="0" tests="1" name="com.adminTestModule.AddCategoryTest" time="14.449" errors="0" timestamp="2023-01-27T15:25:48 IST" skipped="0">
  <testcase classname="com.adminTestModule.AddCategoryTest" name="addCategory" time="14.449"/>
  <system-out/>
</testsuite> <!-- com.adminTestModule.AddCategoryTest -->
