<?xml version="1.0" encoding="UTF-8"?>
<!-- Generated by org.testng.reporters.JUnitReportReporter -->
<testsuite hostname="DESKTOP-6GIO5QQ" failures="0" tests="1" name="com.userTestModule.AddToCartTest" time="16.984" errors="0" timestamp="2023-01-26T23:20:39 IST" skipped="0">
  <testcase classname="com.userTestModule.AddToCartTest" name="cart" time="16.984"/>
  <system-out/>
</testsuite> <!-- com.userTestModule.AddToCartTest -->
