<?xml version="1.0" encoding="UTF-8"?>
<!-- Generated by org.testng.reporters.JUnitReportReporter -->
<testsuite hostname="DESKTOP-6GIO5QQ" failures="0" tests="1" name="com.adminTestModule.UpdateCategoryTest" time="15.956" errors="0" timestamp="2023-01-27T16:42:25 IST" skipped="0">
  <testcase classname="com.adminTestModule.UpdateCategoryTest" name="updateCategory" time="15.956"/>
  <system-out/>
</testsuite> <!-- com.adminTestModule.UpdateCategoryTest -->
