<?xml version="1.0" encoding="UTF-8"?>
<!-- Generated by org.testng.reporters.JUnitReportReporter -->
<testsuite hostname="DESKTOP-6GIO5QQ" failures="0" tests="1" name="com.userTestDemo.AddToCartTest" time="18.800" errors="0" timestamp="2023-01-26T17:42:08 IST" skipped="0">
  <testcase classname="com.userTestDemo.AddToCartTest" name="cart" time="18.800"/>
  <system-out/>
</testsuite> <!-- com.userTestDemo.AddToCartTest -->
