<?xml version="1.0" encoding="UTF-8"?>
<!-- Generated by org.testng.reporters.JUnitReportReporter -->
<testsuite hostname="DESKTOP-6GIO5QQ" failures="0" tests="1" name="com.adminTestDemo.DeleteCategoryTest" time="12.733" errors="0" timestamp="2023-01-25T15:12:54 IST" skipped="0">
  <testcase classname="com.adminTestDemo.DeleteCategoryTest" name="deleteCategory" time="12.733"/>
  <system-out/>
</testsuite> <!-- com.adminTestDemo.DeleteCategoryTest -->
