<?xml version="1.0" encoding="UTF-8"?>
<!-- Generated by org.testng.reporters.JUnitReportReporter -->
<testsuite hostname="DESKTOP-6GIO5QQ" failures="0" tests="1" name="com.userTestModule.RegisterTest" time="8.668" errors="0" timestamp="2023-01-27T12:38:06 IST" skipped="0">
  <testcase classname="com.userTestModule.RegisterTest" name="registerToUser" time="8.668"/>
  <system-out/>
</testsuite> <!-- com.userTestModule.RegisterTest -->
